no change     /share/apps/common/miniconda/miniconda3/condabin/conda
no change     /share/apps/common/miniconda/miniconda3/bin/conda
no change     /share/apps/common/miniconda/miniconda3/bin/conda-env
no change     /share/apps/common/miniconda/miniconda3/bin/activate
no change     /share/apps/common/miniconda/miniconda3/bin/deactivate
no change     /share/apps/common/miniconda/miniconda3/etc/profile.d/conda.sh
no change     /share/apps/common/miniconda/miniconda3/etc/fish/conf.d/conda.fish
no change     /share/apps/common/miniconda/miniconda3/shell/condabin/Conda.psm1
no change     /share/apps/common/miniconda/miniconda3/shell/condabin/conda-hook.ps1
no change     /share/apps/common/miniconda/miniconda3/lib/python3.12/site-packages/xontrib/conda.xsh
no change     /share/apps/common/miniconda/miniconda3/etc/profile.d/conda.csh
no change     /home/albgzz/.zshrc
No action taken.

CondaError: Run 'conda init' before 'conda activate'

GPU available:  True
CPU available:  40
GPU count 2
Performance Initialized  cuda:0
Performance Initialized  cuda:1
/share/apps/common/miniconda/miniconda3/lib/python3.12/site-packages/torch/nn/modules/conv.py:306: UserWarning: Plan failed with a cudnnException: CUDNN_BACKEND_EXECUTION_PLAN_DESCRIPTOR: cudnnFinalize Descriptor Failed cudnn_status: CUDNN_STATUS_NOT_SUPPORTED (Triggered internally at ../aten/src/ATen/native/cudnn/Conv_v8.cpp:919.)
  return F.conv1d(input, weight, bias, self.stride,
/share/apps/common/miniconda/miniconda3/lib/python3.12/site-packages/torch/autograd/graph.py:744: UserWarning: Plan failed with a cudnnException: CUDNN_BACKEND_EXECUTION_PLAN_DESCRIPTOR: cudnnFinalize Descriptor Failed cudnn_status: CUDNN_STATUS_NOT_SUPPORTED (Triggered internally at ../aten/src/ATen/native/cudnn/Conv_v8.cpp:919.)
  return Variable._execution_engine.run_backward(  # Calls into the C++ engine to run the backward pass
/share/apps/common/miniconda/miniconda3/lib/python3.12/site-packages/torch/nn/modules/conv.py:306: UserWarning: Plan failed with a cudnnException: CUDNN_BACKEND_EXECUTION_PLAN_DESCRIPTOR: cudnnFinalize Descriptor Failed cudnn_status: CUDNN_STATUS_NOT_SUPPORTED (Triggered internally at ../aten/src/ATen/native/cudnn/Conv_v8.cpp:919.)
  return F.conv1d(input, weight, bias, self.stride,
/share/apps/common/miniconda/miniconda3/lib/python3.12/site-packages/torch/autograd/graph.py:744: UserWarning: Plan failed with a cudnnException: CUDNN_BACKEND_EXECUTION_PLAN_DESCRIPTOR: cudnnFinalize Descriptor Failed cudnn_status: CUDNN_STATUS_NOT_SUPPORTED (Triggered internally at ../aten/src/ATen/native/cudnn/Conv_v8.cpp:919.)
  return Variable._execution_engine.run_backward(  # Calls into the C++ engine to run the backward pass
count : 1-- cuda:0 -- 20,4 RMSE Train Loss: 0.0024892192447092025, Test Loss: 0.0019071694528340502
/share/apps/common/miniconda/miniconda3/lib/python3.12/site-packages/torch/nn/modules/conv.py:306: UserWarning: Plan failed with a cudnnException: CUDNN_BACKEND_EXECUTION_PLAN_DESCRIPTOR: cudnnFinalize Descriptor Failed cudnn_status: CUDNN_STATUS_NOT_SUPPORTED (Triggered internally at ../aten/src/ATen/native/cudnn/Conv_v8.cpp:919.)
  return F.conv1d(input, weight, bias, self.stride,
count : 1-- cuda:1 -- 24,4 RMSE Train Loss: 0.0026653286683315253, Test Loss: 0.0020957112990070055
/share/apps/common/miniconda/miniconda3/lib/python3.12/site-packages/torch/nn/modules/conv.py:306: UserWarning: Plan failed with a cudnnException: CUDNN_BACKEND_EXECUTION_PLAN_DESCRIPTOR: cudnnFinalize Descriptor Failed cudnn_status: CUDNN_STATUS_NOT_SUPPORTED (Triggered internally at ../aten/src/ATen/native/cudnn/Conv_v8.cpp:919.)
  return F.conv1d(input, weight, bias, self.stride,
/share/apps/common/miniconda/miniconda3/lib/python3.12/site-packages/torch/nn/modules/conv.py:306: UserWarning: Plan failed with a cudnnException: CUDNN_BACKEND_EXECUTION_PLAN_DESCRIPTOR: cudnnFinalize Descriptor Failed cudnn_status: CUDNN_STATUS_NOT_SUPPORTED (Triggered internally at ../aten/src/ATen/native/cudnn/Conv_v8.cpp:919.)
  return F.conv1d(input, weight, bias, self.stride,
/share/apps/common/miniconda/miniconda3/lib/python3.12/site-packages/torch/nn/modules/conv.py:306: UserWarning: Plan failed with a cudnnException: CUDNN_BACKEND_EXECUTION_PLAN_DESCRIPTOR: cudnnFinalize Descriptor Failed cudnn_status: CUDNN_STATUS_NOT_SUPPORTED (Triggered internally at ../aten/src/ATen/native/cudnn/Conv_v8.cpp:919.)
  return F.conv1d(input, weight, bias, self.stride,
/share/apps/common/miniconda/miniconda3/lib/python3.12/site-packages/torch/nn/modules/conv.py:306: UserWarning: Plan failed with a cudnnException: CUDNN_BACKEND_EXECUTION_PLAN_DESCRIPTOR: cudnnFinalize Descriptor Failed cudnn_status: CUDNN_STATUS_NOT_SUPPORTED (Triggered internally at ../aten/src/ATen/native/cudnn/Conv_v8.cpp:919.)
  return F.conv1d(input, weight, bias, self.stride,
/share/apps/common/miniconda/miniconda3/lib/python3.12/site-packages/torch/nn/modules/conv.py:306: UserWarning: Plan failed with a cudnnException: CUDNN_BACKEND_EXECUTION_PLAN_DESCRIPTOR: cudnnFinalize Descriptor Failed cudnn_status: CUDNN_STATUS_NOT_SUPPORTED (Triggered internally at ../aten/src/ATen/native/cudnn/Conv_v8.cpp:919.)
  return F.conv1d(input, weight, bias, self.stride,
RMSE Mean Model: 0.0017639779350487514, Spline: 0.0009261691674983297
RMSE for O2 Mean Model: 0.0023096580989658833, Spline: 0.00016600625858498143
Performance Initialized  cuda:0
RMSE Mean Model: 0.0019940963305532934, Spline: 0.00046068810364022916
RMSE for O2 Mean Model: 0.0025464040227234364, Spline: 7.533092883012219e-05
Performance Initialized  cuda:1
/share/apps/common/miniconda/miniconda3/lib/python3.12/site-packages/torch/autograd/graph.py:744: UserWarning: Plan failed with a cudnnException: CUDNN_BACKEND_EXECUTION_PLAN_DESCRIPTOR: cudnnFinalize Descriptor Failed cudnn_status: CUDNN_STATUS_NOT_SUPPORTED (Triggered internally at ../aten/src/ATen/native/cudnn/Conv_v8.cpp:919.)
  return Variable._execution_engine.run_backward(  # Calls into the C++ engine to run the backward pass
/share/apps/common/miniconda/miniconda3/lib/python3.12/site-packages/torch/autograd/graph.py:744: UserWarning: Plan failed with a cudnnException: CUDNN_BACKEND_EXECUTION_PLAN_DESCRIPTOR: cudnnFinalize Descriptor Failed cudnn_status: CUDNN_STATUS_NOT_SUPPORTED (Triggered internally at ../aten/src/ATen/native/cudnn/Conv_v8.cpp:919.)
  return Variable._execution_engine.run_backward(  # Calls into the C++ engine to run the backward pass
count : 2-- cuda:0 -- 20,5 RMSE Train Loss: 0.0020078917187044956, Test Loss: 0.0018761237825773301
count : 2-- cuda:1 -- 24,5 RMSE Train Loss: 0.002795186369185453, Test Loss: 0.0023725446698972938
/share/apps/common/miniconda/miniconda3/lib/python3.12/site-packages/torch/nn/modules/conv.py:306: UserWarning: Plan failed with a cudnnException: CUDNN_BACKEND_EXECUTION_PLAN_DESCRIPTOR: cudnnFinalize Descriptor Failed cudnn_status: CUDNN_STATUS_NOT_SUPPORTED (Triggered internally at ../aten/src/ATen/native/cudnn/Conv_v8.cpp:919.)
  return F.conv1d(input, weight, bias, self.stride,
/share/apps/common/miniconda/miniconda3/lib/python3.12/site-packages/torch/nn/modules/conv.py:306: UserWarning: Plan failed with a cudnnException: CUDNN_BACKEND_EXECUTION_PLAN_DESCRIPTOR: cudnnFinalize Descriptor Failed cudnn_status: CUDNN_STATUS_NOT_SUPPORTED (Triggered internally at ../aten/src/ATen/native/cudnn/Conv_v8.cpp:919.)
  return F.conv1d(input, weight, bias, self.stride,
RMSE Mean Model: 0.0017824676757096313, Spline: 0.0008624055119247659
RMSE for O2 Mean Model: 0.0018496762495487928, Spline: 0.0001595331433453434
Performance Initialized  cuda:0
RMSE Mean Model: 0.0023047516158316286, Spline: 0.0004377368023165058
RMSE for O2 Mean Model: 0.0023816421162337065, Spline: 7.254915688850911e-05
Performance Initialized  cuda:1
/share/apps/common/miniconda/miniconda3/lib/python3.12/site-packages/torch/autograd/graph.py:744: UserWarning: Plan failed with a cudnnException: CUDNN_BACKEND_EXECUTION_PLAN_DESCRIPTOR: cudnnFinalize Descriptor Failed cudnn_status: CUDNN_STATUS_NOT_SUPPORTED (Triggered internally at ../aten/src/ATen/native/cudnn/Conv_v8.cpp:919.)
  return Variable._execution_engine.run_backward(  # Calls into the C++ engine to run the backward pass
/share/apps/common/miniconda/miniconda3/lib/python3.12/site-packages/torch/autograd/graph.py:744: UserWarning: Plan failed with a cudnnException: CUDNN_BACKEND_EXECUTION_PLAN_DESCRIPTOR: cudnnFinalize Descriptor Failed cudnn_status: CUDNN_STATUS_NOT_SUPPORTED (Triggered internally at ../aten/src/ATen/native/cudnn/Conv_v8.cpp:919.)
  return Variable._execution_engine.run_backward(  # Calls into the C++ engine to run the backward pass
count : 3-- cuda:0 -- 20,6 RMSE Train Loss: 0.0024588792328184682, Test Loss: 0.0021961699094901915
count : 3-- cuda:1 -- 24,6 RMSE Train Loss: 0.0022258832616466225, Test Loss: 0.0017286510428374722
/share/apps/common/miniconda/miniconda3/lib/python3.12/site-packages/torch/nn/modules/conv.py:306: UserWarning: Plan failed with a cudnnException: CUDNN_BACKEND_EXECUTION_PLAN_DESCRIPTOR: cudnnFinalize Descriptor Failed cudnn_status: CUDNN_STATUS_NOT_SUPPORTED (Triggered internally at ../aten/src/ATen/native/cudnn/Conv_v8.cpp:919.)
  return F.conv1d(input, weight, bias, self.stride,
/share/apps/common/miniconda/miniconda3/lib/python3.12/site-packages/torch/nn/modules/conv.py:306: UserWarning: Plan failed with a cudnnException: CUDNN_BACKEND_EXECUTION_PLAN_DESCRIPTOR: cudnnFinalize Descriptor Failed cudnn_status: CUDNN_STATUS_NOT_SUPPORTED (Triggered internally at ../aten/src/ATen/native/cudnn/Conv_v8.cpp:919.)
  return F.conv1d(input, weight, bias, self.stride,
RMSE Mean Model: 0.002150072618830018, Spline: 0.0008558508520064645
RMSE for O2 Mean Model: 0.002510035876184702, Spline: 0.00015734833406890538
Performance Initialized  cuda:0
RMSE Mean Model: 0.0016566217859392055, Spline: 0.00043446172722102903
RMSE for O2 Mean Model: 0.0015252387383952737, Spline: 7.067852459195633e-05
Performance Initialized  cuda:1
/share/apps/common/miniconda/miniconda3/lib/python3.12/site-packages/torch/autograd/graph.py:744: UserWarning: Plan failed with a cudnnException: CUDNN_BACKEND_EXECUTION_PLAN_DESCRIPTOR: cudnnFinalize Descriptor Failed cudnn_status: CUDNN_STATUS_NOT_SUPPORTED (Triggered internally at ../aten/src/ATen/native/cudnn/Conv_v8.cpp:919.)
  return Variable._execution_engine.run_backward(  # Calls into the C++ engine to run the backward pass
/share/apps/common/miniconda/miniconda3/lib/python3.12/site-packages/torch/autograd/graph.py:744: UserWarning: Plan failed with a cudnnException: CUDNN_BACKEND_EXECUTION_PLAN_DESCRIPTOR: cudnnFinalize Descriptor Failed cudnn_status: CUDNN_STATUS_NOT_SUPPORTED (Triggered internally at ../aten/src/ATen/native/cudnn/Conv_v8.cpp:919.)
  return Variable._execution_engine.run_backward(  # Calls into the C++ engine to run the backward pass
count : 4-- cuda:1 -- 24,8 RMSE Train Loss: 0.002561744596638611, Test Loss: 0.002054470036618758
count : 4-- cuda:0 -- 20,8 RMSE Train Loss: 0.002765416202385513, Test Loss: 0.0026083887806649456
/share/apps/common/miniconda/miniconda3/lib/python3.12/site-packages/torch/nn/modules/conv.py:306: UserWarning: Plan failed with a cudnnException: CUDNN_BACKEND_EXECUTION_PLAN_DESCRIPTOR: cudnnFinalize Descriptor Failed cudnn_status: CUDNN_STATUS_NOT_SUPPORTED (Triggered internally at ../aten/src/ATen/native/cudnn/Conv_v8.cpp:919.)
  return F.conv1d(input, weight, bias, self.stride,
/share/apps/common/miniconda/miniconda3/lib/python3.12/site-packages/torch/nn/modules/conv.py:306: UserWarning: Plan failed with a cudnnException: CUDNN_BACKEND_EXECUTION_PLAN_DESCRIPTOR: cudnnFinalize Descriptor Failed cudnn_status: CUDNN_STATUS_NOT_SUPPORTED (Triggered internally at ../aten/src/ATen/native/cudnn/Conv_v8.cpp:919.)
  return F.conv1d(input, weight, bias, self.stride,
RMSE Mean Model: 0.0019429433998768217, Spline: 0.00042893943923018795
RMSE for O2 Mean Model: 0.002353605115786195, Spline: 6.928880696584715e-05
Performance Initialized  cuda:1
RMSE Mean Model: 0.0025179083415539935, Spline: 0.0008374632239477013
RMSE for O2 Mean Model: 0.0029251195956021547, Spline: 0.00014812363318639934
Performance Initialized  cuda:0
/share/apps/common/miniconda/miniconda3/lib/python3.12/site-packages/torch/autograd/graph.py:744: UserWarning: Plan failed with a cudnnException: CUDNN_BACKEND_EXECUTION_PLAN_DESCRIPTOR: cudnnFinalize Descriptor Failed cudnn_status: CUDNN_STATUS_NOT_SUPPORTED (Triggered internally at ../aten/src/ATen/native/cudnn/Conv_v8.cpp:919.)
  return Variable._execution_engine.run_backward(  # Calls into the C++ engine to run the backward pass
/share/apps/common/miniconda/miniconda3/lib/python3.12/site-packages/torch/autograd/graph.py:744: UserWarning: Plan failed with a cudnnException: CUDNN_BACKEND_EXECUTION_PLAN_DESCRIPTOR: cudnnFinalize Descriptor Failed cudnn_status: CUDNN_STATUS_NOT_SUPPORTED (Triggered internally at ../aten/src/ATen/native/cudnn/Conv_v8.cpp:919.)
  return Variable._execution_engine.run_backward(  # Calls into the C++ engine to run the backward pass
count : 5-- cuda:0 -- 20,10 RMSE Train Loss: 0.0021262579648412537, Test Loss: 0.0016490024494675878
/share/apps/common/miniconda/miniconda3/lib/python3.12/site-packages/torch/nn/modules/conv.py:306: UserWarning: Plan failed with a cudnnException: CUDNN_BACKEND_EXECUTION_PLAN_DESCRIPTOR: cudnnFinalize Descriptor Failed cudnn_status: CUDNN_STATUS_NOT_SUPPORTED (Triggered internally at ../aten/src/ATen/native/cudnn/Conv_v8.cpp:919.)
  return F.conv1d(input, weight, bias, self.stride,
count : 5-- cuda:1 -- 24,10 RMSE Train Loss: 0.00204893832713799, Test Loss: 0.0017312100851210519
/share/apps/common/miniconda/miniconda3/lib/python3.12/site-packages/torch/nn/modules/conv.py:306: UserWarning: Plan failed with a cudnnException: CUDNN_BACKEND_EXECUTION_PLAN_DESCRIPTOR: cudnnFinalize Descriptor Failed cudnn_status: CUDNN_STATUS_NOT_SUPPORTED (Triggered internally at ../aten/src/ATen/native/cudnn/Conv_v8.cpp:919.)
  return F.conv1d(input, weight, bias, self.stride,
RMSE Mean Model: 0.0015489498225739226, Spline: 0.0008188585658308975
RMSE for O2 Mean Model: 0.0013613691553473473, Spline: 0.00014585291230449865
Performance Initialized  cuda:0
RMSE Mean Model: 0.001631363495090045, Spline: 0.00040898664178037734
RMSE for O2 Mean Model: 0.0019826653879135847, Spline: 6.632937628611982e-05
Performance Initialized  cuda:1
/share/apps/common/miniconda/miniconda3/lib/python3.12/site-packages/torch/autograd/graph.py:744: UserWarning: Plan failed with a cudnnException: CUDNN_BACKEND_EXECUTION_PLAN_DESCRIPTOR: cudnnFinalize Descriptor Failed cudnn_status: CUDNN_STATUS_NOT_SUPPORTED (Triggered internally at ../aten/src/ATen/native/cudnn/Conv_v8.cpp:919.)
  return Variable._execution_engine.run_backward(  # Calls into the C++ engine to run the backward pass
/share/apps/common/miniconda/miniconda3/lib/python3.12/site-packages/torch/autograd/graph.py:744: UserWarning: Plan failed with a cudnnException: CUDNN_BACKEND_EXECUTION_PLAN_DESCRIPTOR: cudnnFinalize Descriptor Failed cudnn_status: CUDNN_STATUS_NOT_SUPPORTED (Triggered internally at ../aten/src/ATen/native/cudnn/Conv_v8.cpp:919.)
  return Variable._execution_engine.run_backward(  # Calls into the C++ engine to run the backward pass
count : 6-- cuda:0 -- 20,12 RMSE Train Loss: 0.002407205521583063, Test Loss: 0.0018333077228798952
/share/apps/common/miniconda/miniconda3/lib/python3.12/site-packages/torch/nn/modules/conv.py:306: UserWarning: Plan failed with a cudnnException: CUDNN_BACKEND_EXECUTION_PLAN_DESCRIPTOR: cudnnFinalize Descriptor Failed cudnn_status: CUDNN_STATUS_NOT_SUPPORTED (Triggered internally at ../aten/src/ATen/native/cudnn/Conv_v8.cpp:919.)
  return F.conv1d(input, weight, bias, self.stride,
count : 6-- cuda:1 -- 24,12 RMSE Train Loss: 0.0018965708949883631, Test Loss: 0.0016693475064935954
/share/apps/common/miniconda/miniconda3/lib/python3.12/site-packages/torch/nn/modules/conv.py:306: UserWarning: Plan failed with a cudnnException: CUDNN_BACKEND_EXECUTION_PLAN_DESCRIPTOR: cudnnFinalize Descriptor Failed cudnn_status: CUDNN_STATUS_NOT_SUPPORTED (Triggered internally at ../aten/src/ATen/native/cudnn/Conv_v8.cpp:919.)
  return F.conv1d(input, weight, bias, self.stride,
/share/apps/common/miniconda/miniconda3/lib/python3.12/site-packages/torch/nn/modules/conv.py:306: UserWarning: Plan failed with a cudnnException: CUDNN_BACKEND_EXECUTION_PLAN_DESCRIPTOR: cudnnFinalize Descriptor Failed cudnn_status: CUDNN_STATUS_NOT_SUPPORTED (Triggered internally at ../aten/src/ATen/native/cudnn/Conv_v8.cpp:919.)
  return F.conv1d(input, weight, bias, self.stride,
RMSE Mean Model: 0.0016989777451031842, Spline: 0.0008850437159187028
RMSE for O2 Mean Model: 0.0022049674298614264, Spline: 0.0001670674481906368
Performance Initialized  cuda:0
/share/apps/common/miniconda/miniconda3/lib/python3.12/site-packages/torch/autograd/graph.py:744: UserWarning: Plan failed with a cudnnException: CUDNN_BACKEND_EXECUTION_PLAN_DESCRIPTOR: cudnnFinalize Descriptor Failed cudnn_status: CUDNN_STATUS_NOT_SUPPORTED (Triggered internally at ../aten/src/ATen/native/cudnn/Conv_v8.cpp:919.)
  return Variable._execution_engine.run_backward(  # Calls into the C++ engine to run the backward pass
RMSE Mean Model: 0.0015676012645359152, Spline: 0.000408481035977033
RMSE for O2 Mean Model: 0.002220593858510256, Spline: 6.57259143318409e-05
Performance Initialized  cuda:1
/share/apps/common/miniconda/miniconda3/lib/python3.12/site-packages/torch/autograd/graph.py:744: UserWarning: Plan failed with a cudnnException: CUDNN_BACKEND_EXECUTION_PLAN_DESCRIPTOR: cudnnFinalize Descriptor Failed cudnn_status: CUDNN_STATUS_NOT_SUPPORTED (Triggered internally at ../aten/src/ATen/native/cudnn/Conv_v8.cpp:919.)
  return Variable._execution_engine.run_backward(  # Calls into the C++ engine to run the backward pass
count : 7-- cuda:0 -- 20,16 RMSE Train Loss: 0.0020934100183862903, Test Loss: 0.0018743542527263708
/share/apps/common/miniconda/miniconda3/lib/python3.12/site-packages/torch/nn/modules/conv.py:306: UserWarning: Plan failed with a cudnnException: CUDNN_BACKEND_EXECUTION_PLAN_DESCRIPTOR: cudnnFinalize Descriptor Failed cudnn_status: CUDNN_STATUS_NOT_SUPPORTED (Triggered internally at ../aten/src/ATen/native/cudnn/Conv_v8.cpp:919.)
  return F.conv1d(input, weight, bias, self.stride,
RMSE Mean Model: 0.0018174698407645337, Spline: 0.0008539699212024285
RMSE for O2 Mean Model: 0.0016939841443672776, Spline: 0.00015794518964558176
Performance Initialized  cuda:0
count : 7-- cuda:1 -- 24,16 RMSE Train Loss: 0.0023461727212184392, Test Loss: 0.0019383958337782406
/share/apps/common/miniconda/miniconda3/lib/python3.12/site-packages/torch/nn/modules/conv.py:306: UserWarning: Plan failed with a cudnnException: CUDNN_BACKEND_EXECUTION_PLAN_DESCRIPTOR: cudnnFinalize Descriptor Failed cudnn_status: CUDNN_STATUS_NOT_SUPPORTED (Triggered internally at ../aten/src/ATen/native/cudnn/Conv_v8.cpp:919.)
  return F.conv1d(input, weight, bias, self.stride,
/share/apps/common/miniconda/miniconda3/lib/python3.12/site-packages/torch/autograd/graph.py:744: UserWarning: Plan failed with a cudnnException: CUDNN_BACKEND_EXECUTION_PLAN_DESCRIPTOR: cudnnFinalize Descriptor Failed cudnn_status: CUDNN_STATUS_NOT_SUPPORTED (Triggered internally at ../aten/src/ATen/native/cudnn/Conv_v8.cpp:919.)
  return Variable._execution_engine.run_backward(  # Calls into the C++ engine to run the backward pass
RMSE Mean Model: 0.0018176659699529409, Spline: 0.000449453462393078
RMSE for O2 Mean Model: 0.0019275267841294408, Spline: 7.270908522779997e-05
Performance Initialized  cuda:1
/share/apps/common/miniconda/miniconda3/lib/python3.12/site-packages/torch/autograd/graph.py:744: UserWarning: Plan failed with a cudnnException: CUDNN_BACKEND_EXECUTION_PLAN_DESCRIPTOR: cudnnFinalize Descriptor Failed cudnn_status: CUDNN_STATUS_NOT_SUPPORTED (Triggered internally at ../aten/src/ATen/native/cudnn/Conv_v8.cpp:919.)
  return Variable._execution_engine.run_backward(  # Calls into the C++ engine to run the backward pass
count : 8-- cuda:0 -- 20,20 RMSE Train Loss: 0.0032033725008194713, Test Loss: 0.0022814738134052147
/share/apps/common/miniconda/miniconda3/lib/python3.12/site-packages/torch/nn/modules/conv.py:306: UserWarning: Plan failed with a cudnnException: CUDNN_BACKEND_EXECUTION_PLAN_DESCRIPTOR: cudnnFinalize Descriptor Failed cudnn_status: CUDNN_STATUS_NOT_SUPPORTED (Triggered internally at ../aten/src/ATen/native/cudnn/Conv_v8.cpp:919.)
  return F.conv1d(input, weight, bias, self.stride,
RMSE Mean Model: 0.0021029388598864896, Spline: 0.0009466108639386344
RMSE for O2 Mean Model: 0.0020688024815171957, Spline: 0.0001754309914863305
Performance Initialized  cuda:0
count : 8-- cuda:1 -- 24,20 RMSE Train Loss: 0.0019439669517455835, Test Loss: 0.00204099148943225
/share/apps/common/miniconda/miniconda3/lib/python3.12/site-packages/torch/nn/modules/conv.py:306: UserWarning: Plan failed with a cudnnException: CUDNN_BACKEND_EXECUTION_PLAN_DESCRIPTOR: cudnnFinalize Descriptor Failed cudnn_status: CUDNN_STATUS_NOT_SUPPORTED (Triggered internally at ../aten/src/ATen/native/cudnn/Conv_v8.cpp:919.)
  return F.conv1d(input, weight, bias, self.stride,
/share/apps/common/miniconda/miniconda3/lib/python3.12/site-packages/torch/nn/modules/conv.py:306: UserWarning: Plan failed with a cudnnException: CUDNN_BACKEND_EXECUTION_PLAN_DESCRIPTOR: cudnnFinalize Descriptor Failed cudnn_status: CUDNN_STATUS_NOT_SUPPORTED (Triggered internally at ../aten/src/ATen/native/cudnn/Conv_v8.cpp:919.)
  return F.conv1d(input, weight, bias, self.stride,
/share/apps/common/miniconda/miniconda3/lib/python3.12/site-packages/torch/autograd/graph.py:744: UserWarning: Plan failed with a cudnnException: CUDNN_BACKEND_EXECUTION_PLAN_DESCRIPTOR: cudnnFinalize Descriptor Failed cudnn_status: CUDNN_STATUS_NOT_SUPPORTED (Triggered internally at ../aten/src/ATen/native/cudnn/Conv_v8.cpp:919.)
  return Variable._execution_engine.run_backward(  # Calls into the C++ engine to run the backward pass
RMSE Mean Model: 0.0019818759680958467, Spline: 0.00043757434347314775
RMSE for O2 Mean Model: 0.002724874997511506, Spline: 7.013923988406224e-05
Performance Initialized  cuda:1
/share/apps/common/miniconda/miniconda3/lib/python3.12/site-packages/torch/autograd/graph.py:744: UserWarning: Plan failed with a cudnnException: CUDNN_BACKEND_EXECUTION_PLAN_DESCRIPTOR: cudnnFinalize Descriptor Failed cudnn_status: CUDNN_STATUS_NOT_SUPPORTED (Triggered internally at ../aten/src/ATen/native/cudnn/Conv_v8.cpp:919.)
  return Variable._execution_engine.run_backward(  # Calls into the C++ engine to run the backward pass
count : 9-- cuda:0 -- 20,24 RMSE Train Loss: 0.0015555255075689692, Test Loss: 0.001509850479350139
/share/apps/common/miniconda/miniconda3/lib/python3.12/site-packages/torch/nn/modules/conv.py:306: UserWarning: Plan failed with a cudnnException: CUDNN_BACKEND_EXECUTION_PLAN_DESCRIPTOR: cudnnFinalize Descriptor Failed cudnn_status: CUDNN_STATUS_NOT_SUPPORTED (Triggered internally at ../aten/src/ATen/native/cudnn/Conv_v8.cpp:919.)
  return F.conv1d(input, weight, bias, self.stride,
RMSE Mean Model: 0.0014410360748588573, Spline: 0.0009123281035410606
RMSE for O2 Mean Model: 0.0016398155130445957, Spline: 0.0001685867485374945
Performance Initialized  cuda:0
count : 9-- cuda:1 -- 24,24 RMSE Train Loss: 0.002274695628779163, Test Loss: 0.002267267875095512
/share/apps/common/miniconda/miniconda3/lib/python3.12/site-packages/torch/autograd/graph.py:744: UserWarning: Plan failed with a cudnnException: CUDNN_BACKEND_EXECUTION_PLAN_DESCRIPTOR: cudnnFinalize Descriptor Failed cudnn_status: CUDNN_STATUS_NOT_SUPPORTED (Triggered internally at ../aten/src/ATen/native/cudnn/Conv_v8.cpp:919.)
  return Variable._execution_engine.run_backward(  # Calls into the C++ engine to run the backward pass
/share/apps/common/miniconda/miniconda3/lib/python3.12/site-packages/torch/nn/modules/conv.py:306: UserWarning: Plan failed with a cudnnException: CUDNN_BACKEND_EXECUTION_PLAN_DESCRIPTOR: cudnnFinalize Descriptor Failed cudnn_status: CUDNN_STATUS_NOT_SUPPORTED (Triggered internally at ../aten/src/ATen/native/cudnn/Conv_v8.cpp:919.)
  return F.conv1d(input, weight, bias, self.stride,
RMSE Mean Model: 0.0021733706643106416, Spline: 0.00045848926973682025
RMSE for O2 Mean Model: 0.0025481260381639004, Spline: 7.713160224446884e-05
Performance Initialized  cuda:1
/share/apps/common/miniconda/miniconda3/lib/python3.12/site-packages/torch/autograd/graph.py:744: UserWarning: Plan failed with a cudnnException: CUDNN_BACKEND_EXECUTION_PLAN_DESCRIPTOR: cudnnFinalize Descriptor Failed cudnn_status: CUDNN_STATUS_NOT_SUPPORTED (Triggered internally at ../aten/src/ATen/native/cudnn/Conv_v8.cpp:919.)
  return Variable._execution_engine.run_backward(  # Calls into the C++ engine to run the backward pass
count : 10-- cuda:0 -- 20,28 RMSE Train Loss: 0.0018677194232464042, Test Loss: 0.0015859477001928222
/share/apps/common/miniconda/miniconda3/lib/python3.12/site-packages/torch/nn/modules/conv.py:306: UserWarning: Plan failed with a cudnnException: CUDNN_BACKEND_EXECUTION_PLAN_DESCRIPTOR: cudnnFinalize Descriptor Failed cudnn_status: CUDNN_STATUS_NOT_SUPPORTED (Triggered internally at ../aten/src/ATen/native/cudnn/Conv_v8.cpp:919.)
  return F.conv1d(input, weight, bias, self.stride,
RMSE Mean Model: 0.0015164956061867996, Spline: 0.000899169401052669
RMSE for O2 Mean Model: 0.0011736059095710516, Spline: 0.00016316513993796887
Performance Initialized  cuda:0
count : 10-- cuda:1 -- 24,28 RMSE Train Loss: 0.0025888453594032188, Test Loss: 0.0018622514270463456
/share/apps/common/miniconda/miniconda3/lib/python3.12/site-packages/torch/autograd/graph.py:744: UserWarning: Plan failed with a cudnnException: CUDNN_BACKEND_EXECUTION_PLAN_DESCRIPTOR: cudnnFinalize Descriptor Failed cudnn_status: CUDNN_STATUS_NOT_SUPPORTED (Triggered internally at ../aten/src/ATen/native/cudnn/Conv_v8.cpp:919.)
  return Variable._execution_engine.run_backward(  # Calls into the C++ engine to run the backward pass
/share/apps/common/miniconda/miniconda3/lib/python3.12/site-packages/torch/nn/modules/conv.py:306: UserWarning: Plan failed with a cudnnException: CUDNN_BACKEND_EXECUTION_PLAN_DESCRIPTOR: cudnnFinalize Descriptor Failed cudnn_status: CUDNN_STATUS_NOT_SUPPORTED (Triggered internally at ../aten/src/ATen/native/cudnn/Conv_v8.cpp:919.)
  return F.conv1d(input, weight, bias, self.stride,
RMSE Mean Model: 0.0017607175857876428, Spline: 0.00046530413345430006
RMSE for O2 Mean Model: 0.002204553922638297, Spline: 7.49333816266065e-05
Performance Initialized  cuda:1
/share/apps/common/miniconda/miniconda3/lib/python3.12/site-packages/torch/autograd/graph.py:744: UserWarning: Plan failed with a cudnnException: CUDNN_BACKEND_EXECUTION_PLAN_DESCRIPTOR: cudnnFinalize Descriptor Failed cudnn_status: CUDNN_STATUS_NOT_SUPPORTED (Triggered internally at ../aten/src/ATen/native/cudnn/Conv_v8.cpp:919.)
  return Variable._execution_engine.run_backward(  # Calls into the C++ engine to run the backward pass
count : 11-- cuda:0 -- 20,32 RMSE Train Loss: 0.001806010235072911, Test Loss: 0.0014539557054110562
/share/apps/common/miniconda/miniconda3/lib/python3.12/site-packages/torch/nn/modules/conv.py:306: UserWarning: Plan failed with a cudnnException: CUDNN_BACKEND_EXECUTION_PLAN_DESCRIPTOR: cudnnFinalize Descriptor Failed cudnn_status: CUDNN_STATUS_NOT_SUPPORTED (Triggered internally at ../aten/src/ATen/native/cudnn/Conv_v8.cpp:919.)
  return F.conv1d(input, weight, bias, self.stride,
RMSE Mean Model: 0.0013766091743134894, Spline: 0.000905062009914299
RMSE for O2 Mean Model: 0.001676646526902914, Spline: 0.00016836900398712758
Performance Initialized  cuda:0
count : 11-- cuda:1 -- 24,32 RMSE Train Loss: 0.0025046109641414537, Test Loss: 0.0019913161618163766
/share/apps/common/miniconda/miniconda3/lib/python3.12/site-packages/torch/autograd/graph.py:744: UserWarning: Plan failed with a cudnnException: CUDNN_BACKEND_EXECUTION_PLAN_DESCRIPTOR: cudnnFinalize Descriptor Failed cudnn_status: CUDNN_STATUS_NOT_SUPPORTED (Triggered internally at ../aten/src/ATen/native/cudnn/Conv_v8.cpp:919.)
  return Variable._execution_engine.run_backward(  # Calls into the C++ engine to run the backward pass
/share/apps/common/miniconda/miniconda3/lib/python3.12/site-packages/torch/nn/modules/conv.py:306: UserWarning: Plan failed with a cudnnException: CUDNN_BACKEND_EXECUTION_PLAN_DESCRIPTOR: cudnnFinalize Descriptor Failed cudnn_status: CUDNN_STATUS_NOT_SUPPORTED (Triggered internally at ../aten/src/ATen/native/cudnn/Conv_v8.cpp:919.)
  return F.conv1d(input, weight, bias, self.stride,
RMSE Mean Model: 0.0018982569299754687, Spline: 0.0004550766751291805
RMSE for O2 Mean Model: 0.002325833309441805, Spline: 7.300576003917687e-05
Performance Initialized  cuda:1
/share/apps/common/miniconda/miniconda3/lib/python3.12/site-packages/torch/autograd/graph.py:744: UserWarning: Plan failed with a cudnnException: CUDNN_BACKEND_EXECUTION_PLAN_DESCRIPTOR: cudnnFinalize Descriptor Failed cudnn_status: CUDNN_STATUS_NOT_SUPPORTED (Triggered internally at ../aten/src/ATen/native/cudnn/Conv_v8.cpp:919.)
  return Variable._execution_engine.run_backward(  # Calls into the C++ engine to run the backward pass
count : 12-- cuda:0 -- 20,36 RMSE Train Loss: 0.0018537320550476473, Test Loss: 0.001712480509578294
/share/apps/common/miniconda/miniconda3/lib/python3.12/site-packages/torch/nn/modules/conv.py:306: UserWarning: Plan failed with a cudnnException: CUDNN_BACKEND_EXECUTION_PLAN_DESCRIPTOR: cudnnFinalize Descriptor Failed cudnn_status: CUDNN_STATUS_NOT_SUPPORTED (Triggered internally at ../aten/src/ATen/native/cudnn/Conv_v8.cpp:919.)
  return F.conv1d(input, weight, bias, self.stride,
RMSE Mean Model: 0.001659260063280817, Spline: 0.0009055914428138403
RMSE for O2 Mean Model: 0.0018422020366415381, Spline: 0.00016418947202321608
count : 12-- cuda:1 -- 24,36 RMSE Train Loss: 0.0021180893309961095, Test Loss: 0.0016848225713513405
/share/apps/common/miniconda/miniconda3/lib/python3.12/site-packages/torch/nn/modules/conv.py:306: UserWarning: Plan failed with a cudnnException: CUDNN_BACKEND_EXECUTION_PLAN_DESCRIPTOR: cudnnFinalize Descriptor Failed cudnn_status: CUDNN_STATUS_NOT_SUPPORTED (Triggered internally at ../aten/src/ATen/native/cudnn/Conv_v8.cpp:919.)
  return F.conv1d(input, weight, bias, self.stride,
RMSE Mean Model: 0.0016328479203395546, Spline: 0.00044787133862654534
RMSE for O2 Mean Model: 0.0018984309863299131, Spline: 7.538019026280367e-05
